[debug] [2020-04-02T10:41:50.778Z] ----------------------------------------------------------------------
[debug] [2020-04-02T10:41:50.780Z] Command:       C:\Program Files\nodejs\node.exe C:\Users\MASTERZ\AppData\Roaming\npm\node_modules\firebase-tools\lib\bin\firebase.js deploy
[debug] [2020-04-02T10:41:50.780Z] CLI Version:   7.15.0
[debug] [2020-04-02T10:41:50.780Z] Platform:      win32
[debug] [2020-04-02T10:41:50.780Z] Node Version:  v12.16.1
[debug] [2020-04-02T10:41:50.781Z] Time:          Thu Apr 02 2020 17:41:50 GMT+0700 (GMT+07:00)
[debug] [2020-04-02T10:41:50.781Z] ----------------------------------------------------------------------
[debug] [2020-04-02T10:41:50.781Z] 
[debug] [2020-04-02T10:41:50.786Z] > command requires scopes: ["email","openid","https://www.googleapis.com/auth/cloudplatformprojects.readonly","https://www.googleapis.com/auth/firebase","https://www.googleapis.com/auth/cloud-platform"]
[debug] [2020-04-02T10:41:50.786Z] > authorizing via signed-in user
[debug] [2020-04-02T10:41:50.786Z] [iam] checking project vitalsign-2bc48 for permissions ["firebase.projects.get","firebasehosting.sites.update"]
[debug] [2020-04-02T10:41:50.787Z] >>> HTTP REQUEST POST https://cloudresourcemanager.googleapis.com/v1/projects/vitalsign-2bc48:testIamPermissions  

[debug] [2020-04-02T10:41:52.135Z] <<< HTTP RESPONSE 200
[debug] [2020-04-02T10:41:52.136Z] >>> HTTP REQUEST GET https://firebase.googleapis.com/v1beta1/projects/vitalsign-2bc48  
 
[debug] [2020-04-02T10:41:52.560Z] <<< HTTP RESPONSE 200
[info] 
[info] === Deploying to 'vitalsign-2bc48'...
[info] 
[info] i  deploying hosting
[debug] [2020-04-02T10:41:52.563Z] >>> HTTP REQUEST POST https://firebasehosting.googleapis.com/v1beta1/sites/vitalsign-admin/versions  

[debug] [2020-04-02T10:41:54.674Z] <<< HTTP RESPONSE 200
[info] i  hosting[vitalsign-admin]: beginning deploy...
[info] i  hosting[vitalsign-admin]: found 137 files in dist/pwa
